Workdir for this run: /work/moberrauch/2772/my_run
time="2020-08-13T19:08:32+02:00" level=warning msg="\"/run/user/10033\" directory set by $XDG_RUNTIME_DIR does not exist. Either create the directory or unset $XDG_RUNTIME_DIR.: stat /run/user/10033: no such file or directory: Trying to pull image in the event that it is a public image."
INFO:    Using cached SIF image
Collecting pip
  Downloading pip-20.2.2-py2.py3-none-any.whl (1.5 MB)
Collecting setuptools
  Downloading setuptools-49.4.0-py3-none-any.whl (803 kB)
Installing collected packages: pip, setuptools
  Attempting uninstall: pip
    Found existing installation: pip 20.1.1
    Uninstalling pip-20.1.1:
      Successfully uninstalled pip-20.1.1
  Attempting uninstall: setuptools
    Found existing installation: setuptools 47.1.0
    Uninstalling setuptools-47.1.0:
      Successfully uninstalled setuptools-47.1.0
Successfully installed pip-20.2.2 setuptools-49.4.0
Collecting git+https://github.com/OGGM/oggm.git@5d61f9dd48cd4e389ca092d4b1865ff28e0499c0
  Cloning https://github.com/OGGM/oggm.git (to revision 5d61f9dd48cd4e389ca092d4b1865ff28e0499c0) to /tmp/pip-req-build-orgsx6dq
Building wheels for collected packages: oggm
  Building wheel for oggm (setup.py): started
  Building wheel for oggm (setup.py): finished with status 'done'
  Created wheel for oggm: filename=oggm-1.3.2.dev86+g5d61f9d-py3-none-any.whl size=334429 sha256=b1974a9c9a90444d6ba2dd2747eec33029e609162a648115f09cf03da63e0e79
  Stored in directory: /work/moberrauch/2772/my_run/fake_home/.cache/pip/wheels/7c/5d/c6/ce99309983bdd67d5bf0259216f3e9b70edf4184cd90921704
Successfully built oggm
Installing collected packages: oggm
  Attempting uninstall: oggm
    Found existing installation: oggm 1.3.2.dev85+ga6350eb
    Not uninstalling oggm at /usr/local/pyenv/versions/3.7.8/lib/python3.7/site-packages, outside environment /work/moberrauch/2772/my_run/oggm_env
    Can't uninstall 'oggm'. No files were found to uninstall.
Successfully installed oggm-1.3.2.dev86+g5d61f9d
Collecting git+https://github.com/OGGM/oggm-vas.git@3327888b24f86dd047481a3d9c2f8a5d6e405b65
  Cloning https://github.com/OGGM/oggm-vas.git (to revision 3327888b24f86dd047481a3d9c2f8a5d6e405b65) to /tmp/pip-req-build-11xrvrsm
Building wheels for collected packages: oggm-vas
  Building wheel for oggm-vas (setup.py): started
  Building wheel for oggm-vas (setup.py): finished with status 'done'
  Created wheel for oggm-vas: filename=oggm_vas-0.0.1.dev3327888-py3-none-any.whl size=19983 sha256=73c471703ebbf493c44e6ca244dfda6305b2be6314621d01dfa636153e45ed7f
  Stored in directory: /work/moberrauch/2772/my_run/fake_home/.cache/pip/wheels/ce/fc/05/18495aa274f459d32011ef28d003e6a33587c9abea42763085
Successfully built oggm-vas
Installing collected packages: oggm-vas
Successfully installed oggm-vas-0.0.1.dev3327888
srun: Job step aborted: Waiting up to 62 seconds for job step to finish.
slurmstepd: error: *** JOB 2772 ON node13 CANCELLED AT 2020-08-13T19:09:07 ***
slurmstepd: error: *** STEP 2772.0 ON node13 CANCELLED AT 2020-08-13T19:09:07 ***
