\BOOKMARK [0][-]{chapter*.1}{Abstract}{}% 1
\BOOKMARK [0][-]{chapter*.1}{Contents}{}% 2
\BOOKMARK [0][-]{chapter.1}{Introduction}{}% 3
\BOOKMARK [1][-]{section.1.1}{Motivation}{chapter.1}% 4
\BOOKMARK [1][-]{section.1.2}{State of Research}{chapter.1}% 5
\BOOKMARK [1][-]{section.1.3}{State of Research}{chapter.1}% 6
\BOOKMARK [1][-]{section.1.4}{Goals and Outline}{chapter.1}% 7
\BOOKMARK [0][-]{chapter.2}{Model implementation}{}% 8
\BOOKMARK [1][-]{section.2.1}{General concepts}{chapter.2}% 9
\BOOKMARK [2][-]{subsection.2.1.1}{Glacier volume/area scaling}{section.2.1}% 10
\BOOKMARK [2][-]{subsection.2.1.2}{Temperature index model}{section.2.1}% 11
\BOOKMARK [2][-]{subsection.2.1.3}{Glacier evolution model}{section.2.1}% 12
\BOOKMARK [1][-]{section.2.2}{Implementation}{chapter.2}% 13
\BOOKMARK [2][-]{subsection.2.2.1}{Mass balance models}{section.2.2}% 14
\BOOKMARK [2][-]{subsection.2.2.2}{Glacier evolution model}{section.2.2}% 15
\BOOKMARK [1][-]{section.2.3}{Experimental setup}{chapter.2}% 16
\BOOKMARK [2][-]{subsection.2.3.1}{Single glacier test case}{section.2.3}% 17
\BOOKMARK [2][-]{subsection.2.3.2}{Autocorrelation and Power spectral density}{section.2.3}% 18
\BOOKMARK [2][-]{subsection.2.3.3}{Regional runs with all Alpine glaciers}{section.2.3}% 19
\BOOKMARK [2][-]{subsection.2.3.4}{Sensitivity experiments}{section.2.3}% 20
\BOOKMARK [2][-]{subsection.2.3.5}{Commitment runs}{section.2.3}% 21
\BOOKMARK [0][-]{chapter.3}{Results}{}% 22
\BOOKMARK [1][-]{section.3.1}{Single glacier test case}{chapter.3}% 23
\BOOKMARK [1][-]{section.3.2}{Autocorrelation and Power spectral density}{chapter.3}% 24
\BOOKMARK [1][-]{section.3.3}{Regional runs with all Alpine glaciers}{chapter.3}% 25
\BOOKMARK [1][-]{section.3.4}{Sensitivity experiments}{chapter.3}% 26
\BOOKMARK [1][-]{section.3.5}{Commitment runs}{chapter.3}% 27
\BOOKMARK [1][-]{section.3.6}{Equilibrium experiments}{chapter.3}% 28
\BOOKMARK [2][-]{subsection.3.6.1}{Time series}{section.3.6}% 29
\BOOKMARK [2][-]{subsection.3.6.2}{Autocorrelation analysis}{section.3.6}% 30
\BOOKMARK [1][-]{section.3.7}{Sensitivity experiments}{chapter.3}% 31
\BOOKMARK [2][-]{subsection.3.7.1}{Sensitivity to model-internal time scales}{section.3.7}% 32
\BOOKMARK [2][-]{subsection.3.7.2}{Sensitivity to scaling parameters}{section.3.7}% 33
\BOOKMARK [1][-]{section.3.8}{Future projection}{chapter.3}% 34
\BOOKMARK [0][-]{chapter.4}{Discussion}{}% 35
\BOOKMARK [0][-]{chapter.5}{Conclusions}{}% 36
\BOOKMARK [0][-]{appendix.A}{Large Quantities of Data}{}% 37
\BOOKMARK [0][-]{appendix.A}{Bibliography}{}% 38
\BOOKMARK [0][-]{appendix*.25}{Acknowledgments}{}% 39
\BOOKMARK [0][-]{appendix*.26}{Curriculum Vitae}{}% 40
\BOOKMARK [0][-]{appendix*.27}{Epilogue}{}% 41
